<?xml version="1.0" encoding="UTF-8"?>
<!-- Generated by org.testng.reporters.JUnitXMLReporter -->
<testsuite ignored="0" hostname="DESKTOP-F4E7MDH" failures="1" tests="1" name="Test" time="21.884" errors="0" timestamp="2022-12-05T16:34:04 IST">
  <testcase classname="vTiger.ContactTests.CreateContactWithOrganizationPOMTest" name="createContactWithOrganizationPOMTest" time="11.551">
    <failure type="java.lang.AssertionError" message="null">
      <![CDATA[java.lang.AssertionError: null
at vTiger.ContactTests.CreateContactWithOrganizationPOMTest.createContactWithOrganizationPOMTest(CreateContactWithOrganizationPOMTest.java:64)
at java.base/java.util.ArrayList.forEach(ArrayList.java:1511)
... Removed 29 stack frames]]>
    </failure>
  </testcase> <!-- createContactWithOrganizationPOMTest -->
</testsuite> <!-- Test -->
